<?xml version="1.0" encoding="UTF-8"?>
<!-- Generated by org.testng.reporters.JUnitXMLReporter -->
<testsuite ignored="0" hostname="DESKTOP-LPGNF41" failures="1" tests="3" name="Test" time="0.051" errors="0" timestamp="2024-11-12T22:22:45 IST">
  <testcase classname="testngpract.TestExec" name="test1" time="0.011"/>
  <testcase classname="testngpract.TestExec" name="test2" time="0.0">
    <failure type="org.testng.TestNGException" message="
Parameter &amp;apos;as&amp;apos; is required by @Test on method test2 but has not been marked @Optional or defined
in D:\gitpro\seljava\testng.xml">
      <![CDATA[org.testng.TestNGException: 
Parameter 'as' is required by @Test on method test2 but has not been marked @Optional or defined
in D:\gitpro\seljava\testng.xml
at java.base/java.util.ArrayList.forEach(ArrayList.java:1596)
... Removed 26 stack frames]]>
    </failure>
  </testcase> <!-- test2 -->
  <testcase classname="testngpract.TestExec" name="test3" time="0.002"/>
</testsuite> <!-- Test -->
