<?xml version="1.0" encoding="UTF-8"?>
<testng-results ignored="0" total="1" passed="1" failed="0" skipped="0">
  <reporter-output>
  </reporter-output>
  <suite started-at="2024-11-13T19:55:21 IST" name="Default suite" finished-at="2024-11-13T19:55:34 IST" duration-ms="12102">
    <groups>
    </groups>
    <test started-at="2024-11-13T19:55:21 IST" name="Default test" finished-at="2024-11-13T19:55:34 IST" duration-ms="12102">
      <class name="selepract.ActionClassForMouse">
        <test-method signature="met()[pri:0, instance:selepract.ActionClassForMouse@188715b5]" started-at="2024-11-13T19:55:21 IST" name="met" finished-at="2024-11-13T19:55:34 IST" duration-ms="12067" status="PASS">
          <reporter-output>
          </reporter-output>
        </test-method> <!-- met -->
      </class> <!-- selepract.ActionClassForMouse -->
    </test> <!-- Default test -->
  </suite> <!-- Default suite -->
</testng-results>
